2013-04-15 02:04:17,690 [main] INFO  c.b.f.testcase.reflect.ProxysTest$1:20 - The args:[0]
2013-04-15 02:04:28,579 [main] INFO  c.b.f.testcase.reflect.ProxysTest$1:20 - The args:[887]
2013-04-15 02:15:46,370 [main] INFO  c.b.f.testcase.reflect.ProxysTest:29 - time:1690
2013-04-15 02:15:46,375 [main] INFO  c.b.f.testcase.reflect.ProxysTest$2:34 - The args:[887]
2013-04-15 02:15:53,179 [main] INFO  c.b.f.testcase.reflect.ProxysTest:29 - time:1674
2013-04-15 02:15:53,184 [main] INFO  c.b.f.testcase.reflect.ProxysTest$2:34 - The args:[887]
2013-04-15 02:16:06,210 [main] INFO  c.b.f.testcase.reflect.ProxysTest:29 - time:1682ms
2013-04-15 02:16:06,215 [main] INFO  c.b.f.testcase.reflect.ProxysTest$2:34 - The args:[887]
2013-04-15 02:16:24,082 [main] INFO  c.b.f.testcase.reflect.ProxysTest:29 - time:1699ms
2013-04-15 02:16:24,087 [main] INFO  c.b.f.testcase.reflect.ProxysTest$2:34 - The args:[887]
2013-04-15 02:18:10,862 [main] INFO  c.b.f.testcase.reflect.ProxysTest:29 - time:1593ms
2013-04-15 02:18:10,867 [main] INFO  c.b.f.testcase.reflect.ProxysTest$2:34 - The args:[887]
2013-04-15 02:19:07,015 [main] INFO  c.b.f.testcase.reflect.ProxysTest:29 - time:1612ms
2013-04-15 02:19:07,052 [main] INFO  c.b.f.testcase.reflect.ProxysTest:44 - time:32ms
2013-04-15 02:19:13,674 [main] INFO  c.b.f.testcase.reflect.ProxysTest:29 - time:1687ms
2013-04-15 02:19:13,705 [main] INFO  c.b.f.testcase.reflect.ProxysTest:44 - time:26ms
2013-04-15 09:36:04,838 [main] INFO  c.b.f.testcase.reflect.ProxysTest:30 - time:1638ms
2013-04-15 09:36:36,801 [main] INFO  c.b.f.testcase.reflect.ProxysTest:30 - time:1626ms
2013-04-15 09:36:36,839 [main] INFO  c.b.f.testcase.reflect.ProxysTest:47 - time:33ms
2013-04-15 17:49:52,509 [main] INFO  c.b.framework.testcase.log.LogsTest:10 - 测试日志器一般信息
2013-04-15 17:49:52,533 [main] ERROR c.b.framework.testcase.log.LogsTest:11 - 测试日志器错误信息
2013-04-15 17:49:57,107 [main] INFO  c.b.framework.testcase.log.LogsTest:10 - 测试日志器一般信息
2013-04-15 17:49:57,113 [main] ERROR c.b.framework.testcase.log.LogsTest:11 - 测试日志器错误信息
2013-04-15 17:50:11,676 [main] INFO  c.b.framework.testcase.log.LogsTest:10 - 测试日志器一般信息
2013-04-15 17:50:11,681 [main] ERROR c.b.framework.testcase.log.LogsTest:11 - 测试日志器错误信息
